#
# There is insufficient memory for the Java Runtime Environment to continue.
# Native memory allocation (malloc) failed to allocate 1048576 bytes for AllocateHeap
# Possible reasons:
#   The system is out of physical RAM or swap space
#   The process is running with CompressedOops enabled, and the Java Heap may be blocking the growth of the native heap
# Possible solutions:
#   Reduce memory load on the system
#   Increase physical memory or swap space
#   Check if swap backing store is full
#   Decrease Java heap size (-Xmx/-Xms)
#   Decrease number of Java threads
#   Decrease Java thread stack sizes (-Xss)
#   Set larger code cache with -XX:ReservedCodeCacheSize=
#   JVM is running with Unscaled Compressed Oops mode in which the Java heap is
#     placed in the first 4GB address space. The Java Heap base address is the
#     maximum limit for the native heap growth. Please use -XX:HeapBaseMinAddress
#     to set the Java Heap base and to place the Java Heap above 4GB virtual address.
# This output file may be truncated or incomplete.
#
#  Out of Memory Error (allocation.cpp:44), pid=28152, tid=12788
#
# JRE version: OpenJDK Runtime Environment Temurin-17.0.10+7 (17.0.10+7) (build 17.0.10+7)
# Java VM: OpenJDK 64-Bit Server VM Temurin-17.0.10+7 (17.0.10+7, mixed mode, emulated-client, tiered, compressed oops, compressed class ptrs, g1 gc, windows-amd64)
# No core dump will be written. Minidumps are not enabled by default on client versions of Windows
#

---------------  S U M M A R Y ------------

Command Line: -XX:+HeapDumpOnOutOfMemoryError -Xmx1024m -Dsts.lsp.client=vscode -Dsts.log.file=/dev/null -XX:TieredStopAtLevel=1 -Xlog:jni+resolve=off -Dspring.config.location=file:c:\Users\inder\.vscode\extensions\vmware.vscode-spring-boot-1.53.0\language-server\BOOT-INF\classes\application.properties org.springframework.ide.vscode.boot.app.BootLanguageServerBootApp

Host: Intel(R) Core(TM) i5-1035G1 CPU @ 1.00GHz, 8 cores, 7G,  Windows 11 , 64 bit Build 22621 (10.0.22621.3235)
Time: Fri Apr 19 16:35:46 2024 India Standard Time elapsed time: 8916.544330 seconds (0d 2h 28m 36s)

---------------  T H R E A D  ---------------

Current thread (0x000001a39fcabed0):  VMThread "VM Thread" [stack: 0x00000020dc600000,0x00000020dc700000] [id=12788]

Stack: [0x00000020dc600000,0x00000020dc700000]
Native frames: (J=compiled Java code, j=interpreted, Vv=VM code, C=native code)
V  [jvm.dll+0x67d2c9]
V  [jvm.dll+0x834afa]
V  [jvm.dll+0x8365be]
V  [jvm.dll+0x836c23]
V  [jvm.dll+0x2477ff]
V  [jvm.dll+0xa6c93]
V  [jvm.dll+0x2f8663]
V  [jvm.dll+0x2f42e0]
V  [jvm.dll+0x2dc8c7]
V  [jvm.dll+0x31fb87]
V  [jvm.dll+0x83b11b]
V  [jvm.dll+0x83be61]
V  [jvm.dll+0x83c37d]
V  [jvm.dll+0x83c754]
V  [jvm.dll+0x83c820]
V  [jvm.dll+0x7e3fba]
V  [jvm.dll+0x67c1b5]
C  [ucrtbase.dll+0x29363]
C  [KERNEL32.DLL+0x1257d]
C  [ntdll.dll+0x5aa58]

VM_Operation (0x00000020ddefebb0): G1CollectFull, mode: safepoint, requested by thread 0x000001a3a5727160


---------------  P R O C E S S  ---------------

Threads class SMR info:
_java_thread_list=0x000001a3a6511880, length=27, elements={
0x000001a39fcbf370, 0x000001a39fcc3e50, 0x000001a39fce5e40, 0x000001a39fce6910,
0x000001a39fce91f0, 0x000001a39fce9ac0, 0x000001a3a401e4d0, 0x000001a39fce9fa0,
0x000001a3a421d170, 0x000001a3a4220910, 0x000001a3a56ba020, 0x000001a3a5727160,
0x000001a3a55cab10, 0x000001a392ed82e0, 0x000001a3a57a7030, 0x000001a3a57ed130,
0x000001a3a58041b0, 0x000001a3a5802d70, 0x000001a3a58046c0, 0x000001a3a5804bd0,
0x000001a3a58050e0, 0x000001a3a5803ca0, 0x000001a3a5803790, 0x000001a3a58055f0,
0x000001a3a6319ad0, 0x000001a3a6318ba0, 0x000001a3a6313fb0
}

Java Threads: ( => current thread )
  0x000001a39fcbf370 JavaThread "Reference Handler" daemon [_thread_blocked, id=17140, stack(0x00000020dc700000,0x00000020dc800000)]
  0x000001a39fcc3e50 JavaThread "Finalizer" daemon [_thread_blocked, id=32556, stack(0x00000020dc800000,0x00000020dc900000)]
  0x000001a39fce5e40 JavaThread "Signal Dispatcher" daemon [_thread_blocked, id=20308, stack(0x00000020dc900000,0x00000020dca00000)]
  0x000001a39fce6910 JavaThread "Attach Listener" daemon [_thread_blocked, id=14796, stack(0x00000020dca00000,0x00000020dcb00000)]
  0x000001a39fce91f0 JavaThread "Service Thread" daemon [_thread_blocked, id=30664, stack(0x00000020dcb00000,0x00000020dcc00000)]
  0x000001a39fce9ac0 JavaThread "Monitor Deflation Thread" daemon [_thread_blocked, id=30080, stack(0x00000020dcc00000,0x00000020dcd00000)]
  0x000001a3a401e4d0 JavaThread "C1 CompilerThread0" daemon [_thread_blocked, id=15572, stack(0x00000020dcd00000,0x00000020dce00000)]
  0x000001a39fce9fa0 JavaThread "Sweeper thread" daemon [_thread_blocked, id=29440, stack(0x00000020dce00000,0x00000020dcf00000)]
  0x000001a3a421d170 JavaThread "Notification Thread" daemon [_thread_blocked, id=29128, stack(0x00000020dd200000,0x00000020dd300000)]
  0x000001a3a4220910 JavaThread "Common-Cleaner" daemon [_thread_blocked, id=24356, stack(0x00000020dd400000,0x00000020dd500000)]
  0x000001a3a56ba020 JavaThread "boundedElastic-evictor-1" daemon [_thread_blocked, id=29796, stack(0x00000020dda00000,0x00000020ddb00000)]
  0x000001a3a5727160 JavaThread "pool-13-thread-1" [_thread_blocked, id=21652, stack(0x00000020dde00000,0x00000020ddf00000)]
  0x000001a3a55cab10 JavaThread "LanguageServerApp-lifecycle" [_thread_blocked, id=20596, stack(0x00000020ddf00000,0x00000020de000000)]
  0x000001a392ed82e0 JavaThread "DestroyJavaVM" [_thread_blocked, id=14440, stack(0x00000020dc000000,0x00000020dc100000)]
  0x000001a3a57a7030 JavaThread "pool-14-thread-1" [_thread_in_native, id=31592, stack(0x00000020de000000,0x00000020de100000)]
  0x000001a3a57ed130 JavaThread "Simple-Language-Server main thread" daemon [_thread_blocked, id=23816, stack(0x00000020de100000,0x00000020de200000)]
  0x000001a3a58041b0 JavaThread "pool-8-thread-1" [_thread_blocked, id=24680, stack(0x00000020de400000,0x00000020de500000)]
  0x000001a3a5802d70 JavaThread "parallel-1" daemon [_thread_blocked, id=32984, stack(0x00000020de500000,0x00000020de600000)]
  0x000001a3a58046c0 JavaThread "pool-6-thread-1" [_thread_blocked, id=33028, stack(0x00000020de600000,0x00000020de700000)]
  0x000001a3a5804bd0 JavaThread "parallel-2" daemon [_thread_blocked, id=12340, stack(0x00000020de700000,0x00000020de800000)]
  0x000001a3a58050e0 JavaThread "parallel-3" daemon [_thread_blocked, id=16660, stack(0x00000020de800000,0x00000020de900000)]
  0x000001a3a5803ca0 JavaThread "parallel-4" daemon [_thread_blocked, id=24368, stack(0x00000020de900000,0x00000020dea00000)]
  0x000001a3a5803790 JavaThread "parallel-5" daemon [_thread_blocked, id=28616, stack(0x00000020dea00000,0x00000020deb00000)]
  0x000001a3a58055f0 JavaThread "Reconciler-1" daemon [_thread_blocked, id=32560, stack(0x00000020deb00000,0x00000020dec00000)]
  0x000001a3a6319ad0 JavaThread "parallel-6" daemon [_thread_blocked, id=30284, stack(0x00000020dd000000,0x00000020dd100000)]
  0x000001a3a6318ba0 JavaThread "parallel-7" daemon [_thread_blocked, id=26856, stack(0x00000020dcf00000,0x00000020dd000000)]
  0x000001a3a6313fb0 JavaThread "parallel-8" daemon [_thread_blocked, id=1632, stack(0x00000020dbf00000,0x00000020dc000000)]

Other Threads:
=>0x000001a39fcabed0 VMThread "VM Thread" [stack: 0x00000020dc600000,0x00000020dc700000] [id=12788]
  0x000001a3a421f660 WatcherThread [stack: 0x00000020dd300000,0x00000020dd400000] [id=18384]
  0x000001a392f161e0 GCTaskThread "GC Thread#0" [stack: 0x00000020dc100000,0x00000020dc200000] [id=30724]
  0x000001a3a4cc3420 GCTaskThread "GC Thread#1" [stack: 0x00000020dd500000,0x00000020dd600000] [id=28168]
  0x000001a3a4cc36e0 GCTaskThread "GC Thread#2" [stack: 0x00000020dd600000,0x00000020dd700000] [id=15408]
  0x000001a3a4cd7370 GCTaskThread "GC Thread#3" [stack: 0x00000020dd700000,0x00000020dd800000] [id=26628]
  0x000001a3a4efdd10 GCTaskThread "GC Thread#4" [stack: 0x00000020dd800000,0x00000020dd900000] [id=30492]
  0x000001a3a4d81040 GCTaskThread "GC Thread#5" [stack: 0x00000020dd900000,0x00000020dda00000] [id=19292]
  0x000001a3a51ab8a0 GCTaskThread "GC Thread#6" [stack: 0x00000020ddb00000,0x00000020ddc00000] [id=13624]
  0x000001a3a51aa020 GCTaskThread "GC Thread#7" [stack: 0x00000020ddc00000,0x00000020ddd00000] [id=21732]
  0x000001a392f1f040 ConcurrentGCThread "G1 Main Marker" [stack: 0x00000020dc200000,0x00000020dc300000] [id=24096]
  0x000001a392f1f970 ConcurrentGCThread "G1 Conc#0" [stack: 0x00000020dc300000,0x00000020dc400000] [id=32164]
  0x000001a3a5192650 ConcurrentGCThread "G1 Conc#1" [stack: 0x00000020ddd00000,0x00000020dde00000] [id=28188]
  0x000001a39fb220c0 ConcurrentGCThread "G1 Refine#0" [stack: 0x00000020dc400000,0x00000020dc500000] [id=30588]
  0x000001a3a65454d0 ConcurrentGCThread "G1 Refine#1" [stack: 0x00000020def00000,0x00000020df000000] [id=30524]
  0x000001a392f749b0 ConcurrentGCThread "G1 Service" [stack: 0x00000020dc500000,0x00000020dc600000] [id=16616]

Threads with active compile tasks:

VM state: at safepoint (normal execution)

VM Mutex/Monitor currently owned by a thread:  ([mutex/lock_event])
[0x000001a392d34c10] Threads_lock - owner thread: 0x000001a39fcabed0
[0x000001a392d2faa0] Heap_lock - owner thread: 0x000001a3a5727160

Heap address: 0x00000000c0000000, size: 1024 MB, Compressed Oops mode: 32-bit

CDS archive(s) not mapped
Compressed class space mapped at: 0x0000000100000000-0x0000000140000000, reserved size: 1073741824
Narrow klass base: 0x0000000000000000, Narrow klass shift: 3, Narrow klass range: 0x140000000

GC Precious Log:
 CPUs: 8 total, 8 available
 Memory: 7959M
 Large Page Support: Disabled
 NUMA Support: Disabled
 Compressed Oops: Enabled (32-bit)
 Heap Region Size: 1M
 Heap Min Capacity: 8M
 Heap Initial Capacity: 126M
 Heap Max Capacity: 1G
 Pre-touch: Disabled
 Parallel Workers: 8
 Concurrent Workers: 2
 Concurrent Refinement Workers: 8
 Periodic GC: Disabled

Heap:
 garbage-first heap   total 106496K, used 39359K [0x00000000c0000000, 0x0000000100000000)
  region size 1024K, 1 young (1024K), 0 survivors (0K)
 Metaspace       used 59590K, committed 60032K, reserved 1114112K
  class space    used 7414K, committed 7616K, reserved 1048576K

Heap Regions: E=young(eden), S=young(survivor), O=old, HS=humongous(starts), HC=humongous(continues), CS=collection set, F=free, OA=open archive, CA=closed archive, TAMS=top-at-mark-start (previous, next)
|   0|0x00000000c0000000, 0x00000000c0100000, 0x00000000c0100000|100%|HS|  |TAMS 0x00000000c0100000, 0x00000000c0000000| Untracked 
|   1|0x00000000c0100000, 0x00000000c0200000, 0x00000000c0200000|100%|HC|  |TAMS 0x00000000c0200000, 0x00000000c0100000| Untracked 
|   2|0x00000000c0200000, 0x00000000c0300000, 0x00000000c0300000|100%|HC|  |TAMS 0x00000000c0300000, 0x00000000c0200000| Untracked 
|   3|0x00000000c0300000, 0x00000000c0400000, 0x00000000c0400000|100%|HC|  |TAMS 0x00000000c0400000, 0x00000000c0300000| Untracked 
|   4|0x00000000c0400000, 0x00000000c0500000, 0x00000000c0500000|100%|HS|  |TAMS 0x00000000c0500000, 0x00000000c0400000| Untracked 
|   5|0x00000000c0500000, 0x00000000c0600000, 0x00000000c0600000|100%|HC|  |TAMS 0x00000000c0600000, 0x00000000c0500000| Untracked 
|   6|0x00000000c0600000, 0x00000000c0700000, 0x00000000c0700000|100%| O|  |TAMS 0x00000000c0700000, 0x00000000c0600000| Untracked 
|   7|0x00000000c0700000, 0x00000000c0800000, 0x00000000c0800000|100%| O|  |TAMS 0x00000000c0800000, 0x00000000c0700000| Untracked 
|   8|0x00000000c0800000, 0x00000000c08ffff0, 0x00000000c0900000| 99%| O|  |TAMS 0x00000000c08ffff0, 0x00000000c0800000| Untracked 
|   9|0x00000000c0900000, 0x00000000c09fffc8, 0x00000000c0a00000| 99%| O|  |TAMS 0x00000000c09fffc8, 0x00000000c0900000| Untracked 
|  10|0x00000000c0a00000, 0x00000000c0b00000, 0x00000000c0b00000|100%| O|  |TAMS 0x00000000c0b00000, 0x00000000c0a00000| Untracked 
|  11|0x00000000c0b00000, 0x00000000c0bffff0, 0x00000000c0c00000| 99%| O|  |TAMS 0x00000000c0bffff0, 0x00000000c0b00000| Untracked 
|  12|0x00000000c0c00000, 0x00000000c0cffff0, 0x00000000c0d00000| 99%| O|  |TAMS 0x00000000c0cffff0, 0x00000000c0c00000| Untracked 
|  13|0x00000000c0d00000, 0x00000000c0e00000, 0x00000000c0e00000|100%| O|  |TAMS 0x00000000c0e00000, 0x00000000c0d00000| Untracked 
|  14|0x00000000c0e00000, 0x00000000c0f00000, 0x00000000c0f00000|100%| O|  |TAMS 0x00000000c0f00000, 0x00000000c0e00000| Untracked 
|  15|0x00000000c0f00000, 0x00000000c0ffff60, 0x00000000c1000000| 99%| O|  |TAMS 0x00000000c0ffff60, 0x00000000c0f00000| Untracked 
|  16|0x00000000c1000000, 0x00000000c10ffff8, 0x00000000c1100000| 99%| O|  |TAMS 0x00000000c10ffff8, 0x00000000c1000000| Untracked 
|  17|0x00000000c1100000, 0x00000000c11ff9d0, 0x00000000c1200000| 99%| O|  |TAMS 0x00000000c11ff9d0, 0x00000000c1100000| Untracked 
|  18|0x00000000c1200000, 0x00000000c12fffd8, 0x00000000c1300000| 99%| O|  |TAMS 0x00000000c12fffd8, 0x00000000c1200000| Untracked 
|  19|0x00000000c1300000, 0x00000000c1400000, 0x00000000c1400000|100%| O|  |TAMS 0x00000000c1400000, 0x00000000c1300000| Untracked 
|  20|0x00000000c1400000, 0x00000000c14ffff0, 0x00000000c1500000| 99%| O|  |TAMS 0x00000000c14ffff0, 0x00000000c1400000| Untracked 
|  21|0x00000000c1500000, 0x00000000c15ffff0, 0x00000000c1600000| 99%| O|  |TAMS 0x00000000c15ffff0, 0x00000000c1500000| Untracked 
|  22|0x00000000c1600000, 0x00000000c16ffb80, 0x00000000c1700000| 99%| O|  |TAMS 0x00000000c16ffb80, 0x00000000c1600000| Untracked 
|  23|0x00000000c1700000, 0x00000000c17fffd0, 0x00000000c1800000| 99%| O|  |TAMS 0x00000000c17fffd0, 0x00000000c1700000| Untracked 
|  24|0x00000000c1800000, 0x00000000c18fffe8, 0x00000000c1900000| 99%| O|  |TAMS 0x00000000c18fffe8, 0x00000000c1800000| Untracked 
|  25|0x00000000c1900000, 0x00000000c1a00000, 0x00000000c1a00000|100%| O|  |TAMS 0x00000000c1a00000, 0x00000000c1900000| Untracked 
|  26|0x00000000c1a00000, 0x00000000c1afffe8, 0x00000000c1b00000| 99%| O|  |TAMS 0x00000000c1afffe8, 0x00000000c1a00000| Untracked 
|  27|0x00000000c1b00000, 0x00000000c1c00000, 0x00000000c1c00000|100%| O|  |TAMS 0x00000000c1c00000, 0x00000000c1b00000| Untracked 
|  28|0x00000000c1c00000, 0x00000000c1cfffc8, 0x00000000c1d00000| 99%| O|  |TAMS 0x00000000c1cfffc8, 0x00000000c1c00000| Untracked 
|  29|0x00000000c1d00000, 0x00000000c1dfffd8, 0x00000000c1e00000| 99%| O|  |TAMS 0x00000000c1dfffd8, 0x00000000c1d00000| Untracked 
|  30|0x00000000c1e00000, 0x00000000c1effff8, 0x00000000c1f00000| 99%| O|  |TAMS 0x00000000c1effff8, 0x00000000c1e00000| Untracked 
|  31|0x00000000c1f00000, 0x00000000c2000000, 0x00000000c2000000|100%|HS|  |TAMS 0x00000000c2000000, 0x00000000c1f00000| Untracked 
|  32|0x00000000c2000000, 0x00000000c20ff2e0, 0x00000000c2100000| 99%| O|  |TAMS 0x00000000c20ff2e0, 0x00000000c2000000| Untracked 
|  33|0x00000000c2100000, 0x00000000c21f6278, 0x00000000c2200000| 96%| O|  |TAMS 0x00000000c21f6278, 0x00000000c2100000| Untracked 
|  34|0x00000000c2200000, 0x00000000c22ffff8, 0x00000000c2300000| 99%| O|  |TAMS 0x00000000c22ffff8, 0x00000000c2200000| Untracked 
|  35|0x00000000c2300000, 0x00000000c23fffc0, 0x00000000c2400000| 99%| O|  |TAMS 0x00000000c23fffc0, 0x00000000c2300000| Untracked 
|  36|0x00000000c2400000, 0x00000000c247b598, 0x00000000c2500000| 48%| O|  |TAMS 0x00000000c2400000, 0x00000000c2400000| Untracked 
|  37|0x00000000c2500000, 0x00000000c2500000, 0x00000000c2600000|  0%| F|  |TAMS 0x00000000c2500000, 0x00000000c2500000| Untracked 
|  38|0x00000000c2600000, 0x00000000c2600000, 0x00000000c2700000|  0%| F|  |TAMS 0x00000000c2600000, 0x00000000c2600000| Untracked 
|  39|0x00000000c2700000, 0x00000000c2700000, 0x00000000c2800000|  0%| F|  |TAMS 0x00000000c2700000, 0x00000000c2700000| Untracked 
|  40|0x00000000c2800000, 0x00000000c2800000, 0x00000000c2900000|  0%| F|  |TAMS 0x00000000c2800000, 0x00000000c2800000| Untracked 
|  41|0x00000000c2900000, 0x00000000c2900000, 0x00000000c2a00000|  0%| F|  |TAMS 0x00000000c2900000, 0x00000000c2900000| Untracked 
|  42|0x00000000c2a00000, 0x00000000c2a00000, 0x00000000c2b00000|  0%| F|  |TAMS 0x00000000c2a00000, 0x00000000c2a00000| Untracked 
|  43|0x00000000c2b00000, 0x00000000c2b00000, 0x00000000c2c00000|  0%| F|  |TAMS 0x00000000c2b00000, 0x00000000c2b00000| Untracked 
|  44|0x00000000c2c00000, 0x00000000c2c00000, 0x00000000c2d00000|  0%| F|  |TAMS 0x00000000c2c00000, 0x00000000c2c00000| Untracked 
|  45|0x00000000c2d00000, 0x00000000c2d00000, 0x00000000c2e00000|  0%| F|  |TAMS 0x00000000c2d00000, 0x00000000c2d00000| Untracked 
|  46|0x00000000c2e00000, 0x00000000c2e00000, 0x00000000c2f00000|  0%| F|  |TAMS 0x00000000c2e00000, 0x00000000c2e00000| Untracked 
|  47|0x00000000c2f00000, 0x00000000c2f00000, 0x00000000c3000000|  0%| F|  |TAMS 0x00000000c2f00000, 0x00000000c2f00000| Untracked 
|  48|0x00000000c3000000, 0x00000000c3000000, 0x00000000c3100000|  0%| F|  |TAMS 0x00000000c3000000, 0x00000000c3000000| Untracked 
|  49|0x00000000c3100000, 0x00000000c3100000, 0x00000000c3200000|  0%| F|  |TAMS 0x00000000c3100000, 0x00000000c3100000| Untracked 
|  50|0x00000000c3200000, 0x00000000c3200000, 0x00000000c3300000|  0%| F|  |TAMS 0x00000000c3200000, 0x00000000c3200000| Untracked 
|  51|0x00000000c3300000, 0x00000000c3300000, 0x00000000c3400000|  0%| F|  |TAMS 0x00000000c3300000, 0x00000000c3300000| Untracked 
|  52|0x00000000c3400000, 0x00000000c3400000, 0x00000000c3500000|  0%| F|  |TAMS 0x00000000c3400000, 0x00000000c3400000| Untracked 
|  53|0x00000000c3500000, 0x00000000c3500000, 0x00000000c3600000|  0%| F|  |TAMS 0x00000000c3500000, 0x00000000c3500000| Untracked 
|  54|0x00000000c3600000, 0x00000000c3600000, 0x00000000c3700000|  0%| F|  |TAMS 0x00000000c3600000, 0x00000000c3600000| Untracked 
|  55|0x00000000c3700000, 0x00000000c3700000, 0x00000000c3800000|  0%| F|  |TAMS 0x00000000c3700000, 0x00000000c3700000| Untracked 
|  56|0x00000000c3800000, 0x00000000c3800000, 0x00000000c3900000|  0%| F|  |TAMS 0x00000000c3800000, 0x00000000c3800000| Untracked 
|  57|0x00000000c3900000, 0x00000000c3900000, 0x00000000c3a00000|  0%| F|  |TAMS 0x00000000c3900000, 0x00000000c3900000| Untracked 
|  58|0x00000000c3a00000, 0x00000000c3a00000, 0x00000000c3b00000|  0%| F|  |TAMS 0x00000000c3a00000, 0x00000000c3a00000| Untracked 
|  59|0x00000000c3b00000, 0x00000000c3b00000, 0x00000000c3c00000|  0%| F|  |TAMS 0x00000000c3b00000, 0x00000000c3b00000| Untracked 
|  60|0x00000000c3c00000, 0x00000000c3c00000, 0x00000000c3d00000|  0%| F|  |TAMS 0x00000000c3c00000, 0x00000000c3c00000| Untracked 
|  61|0x00000000c3d00000, 0x00000000c3d00000, 0x00000000c3e00000|  0%| F|  |TAMS 0x00000000c3d00000, 0x00000000c3d00000| Untracked 
|  62|0x00000000c3e00000, 0x00000000c3e00000, 0x00000000c3f00000|  0%| F|  |TAMS 0x00000000c3e00000, 0x00000000c3e00000| Untracked 
|  63|0x00000000c3f00000, 0x00000000c3f00000, 0x00000000c4000000|  0%| F|  |TAMS 0x00000000c3f00000, 0x00000000c3f00000| Untracked 
|  64|0x00000000c4000000, 0x00000000c4000000, 0x00000000c4100000|  0%| F|  |TAMS 0x00000000c4000000, 0x00000000c4000000| Untracked 
|  65|0x00000000c4100000, 0x00000000c4100000, 0x00000000c4200000|  0%| F|  |TAMS 0x00000000c4100000, 0x00000000c4100000| Untracked 
|  66|0x00000000c4200000, 0x00000000c4200000, 0x00000000c4300000|  0%| F|  |TAMS 0x00000000c4200000, 0x00000000c4200000| Untracked 
|  67|0x00000000c4300000, 0x00000000c4300000, 0x00000000c4400000|  0%| F|  |TAMS 0x00000000c4300000, 0x00000000c4300000| Untracked 
|  68|0x00000000c4400000, 0x00000000c4400000, 0x00000000c4500000|  0%| F|  |TAMS 0x00000000c4400000, 0x00000000c4400000| Untracked 
|  69|0x00000000c4500000, 0x00000000c4500000, 0x00000000c4600000|  0%| F|  |TAMS 0x00000000c4500000, 0x00000000c4500000| Untracked 
|  70|0x00000000c4600000, 0x00000000c4600000, 0x00000000c4700000|  0%| F|  |TAMS 0x00000000c4600000, 0x00000000c4600000| Untracked 
|  71|0x00000000c4700000, 0x00000000c4700000, 0x00000000c4800000|  0%| F|  |TAMS 0x00000000c4700000, 0x00000000c4700000| Untracked 
|  72|0x00000000c4800000, 0x00000000c4800000, 0x00000000c4900000|  0%| F|  |TAMS 0x00000000c4800000, 0x00000000c4800000| Untracked 
|  73|0x00000000c4900000, 0x00000000c4900000, 0x00000000c4a00000|  0%| F|  |TAMS 0x00000000c4900000, 0x00000000c4900000| Untracked 
|  74|0x00000000c4a00000, 0x00000000c4a00000, 0x00000000c4b00000|  0%| F|  |TAMS 0x00000000c4a00000, 0x00000000c4a00000| Untracked 
|  75|0x00000000c4b00000, 0x00000000c4b00000, 0x00000000c4c00000|  0%| F|  |TAMS 0x00000000c4b00000, 0x00000000c4b00000| Untracked 
|  76|0x00000000c4c00000, 0x00000000c4c00000, 0x00000000c4d00000|  0%| F|  |TAMS 0x00000000c4c00000, 0x00000000c4c00000| Untracked 
|  77|0x00000000c4d00000, 0x00000000c4d00000, 0x00000000c4e00000|  0%| F|  |TAMS 0x00000000c4d00000, 0x00000000c4d00000| Untracked 
|  78|0x00000000c4e00000, 0x00000000c4e00000, 0x00000000c4f00000|  0%| F|  |TAMS 0x00000000c4e00000, 0x00000000c4e00000| Untracked 
|  79|0x00000000c4f00000, 0x00000000c4f00000, 0x00000000c5000000|  0%| F|  |TAMS 0x00000000c4f00000, 0x00000000c4f00000| Untracked 
|  80|0x00000000c5000000, 0x00000000c5000000, 0x00000000c5100000|  0%| F|  |TAMS 0x00000000c5000000, 0x00000000c5000000| Untracked 
|  81|0x00000000c5100000, 0x00000000c5100000, 0x00000000c5200000|  0%| F|  |TAMS 0x00000000c5100000, 0x00000000c5100000| Untracked 
|  82|0x00000000c5200000, 0x00000000c5200000, 0x00000000c5300000|  0%| F|  |TAMS 0x00000000c5200000, 0x00000000c5200000| Untracked 
|  83|0x00000000c5300000, 0x00000000c5300000, 0x00000000c5400000|  0%| F|  |TAMS 0x00000000c5300000, 0x00000000c5300000| Untracked 
|  84|0x00000000c5400000, 0x00000000c5400000, 0x00000000c5500000|  0%| F|  |TAMS 0x00000000c5400000, 0x00000000c5400000| Untracked 
|  85|0x00000000c5500000, 0x00000000c5500000, 0x00000000c5600000|  0%| F|  |TAMS 0x00000000c5500000, 0x00000000c5500000| Untracked 
|  86|0x00000000c5600000, 0x00000000c5600000, 0x00000000c5700000|  0%| F|  |TAMS 0x00000000c5600000, 0x00000000c5600000| Untracked 
|  87|0x00000000c5700000, 0x00000000c5700000, 0x00000000c5800000|  0%| F|  |TAMS 0x00000000c5700000, 0x00000000c5700000| Untracked 
|  88|0x00000000c5800000, 0x00000000c5800000, 0x00000000c5900000|  0%| F|  |TAMS 0x00000000c5800000, 0x00000000c5800000| Untracked 
|  89|0x00000000c5900000, 0x00000000c5900000, 0x00000000c5a00000|  0%| F|  |TAMS 0x00000000c5900000, 0x00000000c5900000| Untracked 
|  90|0x00000000c5a00000, 0x00000000c5a00000, 0x00000000c5b00000|  0%| F|  |TAMS 0x00000000c5a00000, 0x00000000c5a00000| Untracked 
|  91|0x00000000c5b00000, 0x00000000c5b00000, 0x00000000c5c00000|  0%| F|  |TAMS 0x00000000c5b00000, 0x00000000c5b00000| Untracked 
|  92|0x00000000c5c00000, 0x00000000c5c00000, 0x00000000c5d00000|  0%| F|  |TAMS 0x00000000c5c00000, 0x00000000c5c00000| Untracked 
|  93|0x00000000c5d00000, 0x00000000c5d00000, 0x00000000c5e00000|  0%| F|  |TAMS 0x00000000c5d00000, 0x00000000c5d00000| Untracked 
|  94|0x00000000c5e00000, 0x00000000c5e00000, 0x00000000c5f00000|  0%| F|  |TAMS 0x00000000c5e00000, 0x00000000c5e00000| Untracked 
|  95|0x00000000c5f00000, 0x00000000c5f00000, 0x00000000c6000000|  0%| F|  |TAMS 0x00000000c5f00000, 0x00000000c5f00000| Untracked 
|  96|0x00000000c6000000, 0x00000000c6000000, 0x00000000c6100000|  0%| F|  |TAMS 0x00000000c6000000, 0x00000000c6000000| Untracked 
|  97|0x00000000c6100000, 0x00000000c6100000, 0x00000000c6200000|  0%| F|  |TAMS 0x00000000c6100000, 0x00000000c6100000| Untracked 
|  98|0x00000000c6200000, 0x00000000c6200000, 0x00000000c6300000|  0%| F|  |TAMS 0x00000000c6200000, 0x00000000c6200000| Untracked 
|  99|0x00000000c6300000, 0x00000000c6300000, 0x00000000c6400000|  0%| F|  |TAMS 0x00000000c6300000, 0x00000000c6300000| Untracked 
| 100|0x00000000c6400000, 0x00000000c6500000, 0x00000000c6500000|100%| O|  |TAMS 0x00000000c6500000, 0x00000000c6400000| Untracked 
| 101|0x00000000c6500000, 0x00000000c6500000, 0x00000000c6600000|  0%| F|  |TAMS 0x00000000c6500000, 0x00000000c6500000| Untracked 
| 102|0x00000000c6600000, 0x00000000c6700000, 0x00000000c6700000|100%| O|  |TAMS 0x00000000c6700000, 0x00000000c6600000| Untracked 
| 103|0x00000000c6700000, 0x00000000c67058a8, 0x00000000c6800000|  2%| E|  |TAMS 0x00000000c6700000, 0x00000000c6700000| Complete 

Card table byte_map: [0x000001a39ae20000,0x000001a39b020000] _byte_map_base: 0x000001a39a820000

Marking Bits (Prev, Next): (CMBitMap*) 0x000001a392f16750, (CMBitMap*) 0x000001a392f16710
 Prev Bits: [0x000001a39c220000, 0x000001a39d220000)
 Next Bits: [0x000001a39b220000, 0x000001a39c220000)

Polling page: 0x000001a392f80000

Metaspace:

Usage:
  Non-class:     50.95 MB used.
      Class:      7.24 MB used.
       Both:     58.19 MB used.

Virtual space:
  Non-class space:       64.00 MB reserved,      51.19 MB ( 80%) committed,  1 nodes.
      Class space:        1.00 GB reserved,       7.44 MB ( <1%) committed,  1 nodes.
             Both:        1.06 GB reserved,      58.62 MB (  5%) committed. 

Chunk freelists:
   Non-Class:  11.92 MB
       Class:  8.54 MB
        Both:  20.47 MB

MaxMetaspaceSize: unlimited
CompressedClassSpaceSize: 1.00 GB
Initial GC threshold: 21.00 MB
Current GC threshold: 97.62 MB
CDS: off
MetaspaceReclaimPolicy: balanced
 - commit_granule_bytes: 65536.
 - commit_granule_words: 8192.
 - virtual_space_node_default_size: 8388608.
 - enlarge_chunks_in_place: 1.
 - new_chunks_are_fully_committed: 0.
 - uncommit_free_chunks: 1.
 - use_allocation_guard: 0.
 - handle_deallocations: 1.


Internal statistics:

num_allocs_failed_limit: 6.
num_arena_births: 914.
num_arena_deaths: 390.
num_vsnodes_births: 2.
num_vsnodes_deaths: 0.
num_space_committed: 938.
num_space_uncommitted: 0.
num_chunks_returned_to_freelist: 505.
num_chunks_taken_from_freelist: 2996.
num_chunk_merges: 137.
num_chunk_splits: 1859.
num_chunks_enlarged: 1345.
num_inconsistent_stats: 0.

CodeCache: size=49152Kb used=21226Kb max_used=22786Kb free=27925Kb
 bounds [0x000001a397340000, 0x000001a3989a0000, 0x000001a39a340000]
 total_blobs=11405 nmethods=10728 adapters=600
 compilation: enabled
              stopped_count=0, restarted_count=0
 full_count=0

Compilation events (20 events):
Event: 5704.440 Thread 0x000001a3a401e4d0 10720       1       java.lang.ProcessHandleImpl::getInternal (13 bytes)
Event: 5704.440 Thread 0x000001a3a401e4d0 nmethod 10720 0x000001a398808890 code [0x000001a398808a20, 0x000001a398808b88]
Event: 5704.440 Thread 0x000001a3a401e4d0 10721       1       java.lang.ProcessImpl$2::<init> (20 bytes)
Event: 5704.440 Thread 0x000001a3a401e4d0 nmethod 10721 0x000001a398808510 code [0x000001a3988086a0, 0x000001a398808818]
Event: 5704.440 Thread 0x000001a3a401e4d0 10722       1       java.lang.ProcessImpl$2::run (5 bytes)
Event: 5704.441 Thread 0x000001a3a401e4d0 nmethod 10722 0x000001a398808210 code [0x000001a3988083a0, 0x000001a398808488]
Event: 5704.441 Thread 0x000001a3a401e4d0 10723       1       java.lang.ProcessImpl$2::run (242 bytes)
Event: 5704.443 Thread 0x000001a3a401e4d0 nmethod 10723 0x000001a398806b90 code [0x000001a398806e40, 0x000001a398807bd8]
Event: 5704.443 Thread 0x000001a3a401e4d0 10724       1       java.io.BufferedOutputStream::<init> (9 bytes)
Event: 5704.443 Thread 0x000001a3a401e4d0 nmethod 10724 0x000001a398806610 code [0x000001a3988067a0, 0x000001a398806a78]
Event: 5704.443 Thread 0x000001a3a401e4d0 10725       1       java.lang.ProcessImpl::waitFor (136 bytes)
Event: 5704.445 Thread 0x000001a3a401e4d0 nmethod 10725 0x000001a398805d90 code [0x000001a398805fa0, 0x000001a3988063b8]
Event: 5705.067 Thread 0x000001a3a401e4d0 10727   !   1       java.io.FilterOutputStream::close (183 bytes)
Event: 5705.169 Thread 0x000001a3a401e4d0 nmethod 10727 0x000001a398804c10 code [0x000001a398804e20, 0x000001a3988052f8]
Event: 5705.169 Thread 0x000001a3a401e4d0 10729       1       java.lang.ProcessImpl$$Lambda$1059/0x0000000100667968::run (8 bytes)
Event: 5705.169 Thread 0x000001a3a401e4d0 nmethod 10729 0x000001a398804910 code [0x000001a398804aa0, 0x000001a398804b88]
Event: 5705.169 Thread 0x000001a3a401e4d0 10730       1       java.lang.ProcessImpl::lambda$new$0 (6 bytes)
Event: 5705.169 Thread 0x000001a3a401e4d0 nmethod 10730 0x000001a398804610 code [0x000001a3988047a0, 0x000001a398804868]
Event: 7814.784 Thread 0x000001a3a401e4d0 10732       1       org.eclipse.jdt.internal.compiler.codegen.ConstantPool::writeU2 (59 bytes)
Event: 7814.791 Thread 0x000001a3a401e4d0 nmethod 10732 0x000001a398804190 code [0x000001a398804340, 0x000001a3988044a8]

GC Heap History (20 events):
Event: 8800.809 GC heap before
{Heap before GC invocations=691 (full 525):
 garbage-first heap   total 106496K, used 39359K [0x00000000c0000000, 0x0000000100000000)
  region size 1024K, 1 young (1024K), 0 survivors (0K)
 Metaspace       used 59590K, committed 60032K, reserved 1114112K
  class space    used 7414K, committed 7616K, reserved 1048576K
}
Event: 8800.891 GC heap after
{Heap after GC invocations=692 (full 526):
 garbage-first heap   total 106496K, used 39359K [0x00000000c0000000, 0x0000000100000000)
  region size 1024K, 0 young (0K), 0 survivors (0K)
 Metaspace       used 59590K, committed 60032K, reserved 1114112K
  class space    used 7414K, committed 7616K, reserved 1048576K
}
Event: 8811.635 GC heap before
{Heap before GC invocations=692 (full 526):
 garbage-first heap   total 106496K, used 39359K [0x00000000c0000000, 0x0000000100000000)
  region size 1024K, 1 young (1024K), 0 survivors (0K)
 Metaspace       used 59590K, committed 60032K, reserved 1114112K
  class space    used 7414K, committed 7616K, reserved 1048576K
}
Event: 8811.717 GC heap after
{Heap after GC invocations=693 (full 527):
 garbage-first heap   total 106496K, used 39359K [0x00000000c0000000, 0x0000000100000000)
  region size 1024K, 0 young (0K), 0 survivors (0K)
 Metaspace       used 59590K, committed 60032K, reserved 1114112K
  class space    used 7414K, committed 7616K, reserved 1048576K
}
Event: 8822.549 GC heap before
{Heap before GC invocations=693 (full 527):
 garbage-first heap   total 106496K, used 39359K [0x00000000c0000000, 0x0000000100000000)
  region size 1024K, 1 young (1024K), 0 survivors (0K)
 Metaspace       used 59590K, committed 60032K, reserved 1114112K
  class space    used 7414K, committed 7616K, reserved 1048576K
}
Event: 8822.635 GC heap after
{Heap after GC invocations=694 (full 528):
 garbage-first heap   total 106496K, used 39359K [0x00000000c0000000, 0x0000000100000000)
  region size 1024K, 0 young (0K), 0 survivors (0K)
 Metaspace       used 59590K, committed 60032K, reserved 1114112K
  class space    used 7414K, committed 7616K, reserved 1048576K
}
Event: 8833.149 GC heap before
{Heap before GC invocations=694 (full 528):
 garbage-first heap   total 106496K, used 39359K [0x00000000c0000000, 0x0000000100000000)
  region size 1024K, 1 young (1024K), 0 survivors (0K)
 Metaspace       used 59590K, committed 60032K, reserved 1114112K
  class space    used 7414K, committed 7616K, reserved 1048576K
}
Event: 8833.230 GC heap after
{Heap after GC invocations=695 (full 529):
 garbage-first heap   total 106496K, used 39359K [0x00000000c0000000, 0x0000000100000000)
  region size 1024K, 0 young (0K), 0 survivors (0K)
 Metaspace       used 59590K, committed 60032K, reserved 1114112K
  class space    used 7414K, committed 7616K, reserved 1048576K
}
Event: 8843.759 GC heap before
{Heap before GC invocations=695 (full 529):
 garbage-first heap   total 106496K, used 39359K [0x00000000c0000000, 0x0000000100000000)
  region size 1024K, 1 young (1024K), 0 survivors (0K)
 Metaspace       used 59590K, committed 60032K, reserved 1114112K
  class space    used 7414K, committed 7616K, reserved 1048576K
}
Event: 8843.836 GC heap after
{Heap after GC invocations=696 (full 530):
 garbage-first heap   total 106496K, used 39359K [0x00000000c0000000, 0x0000000100000000)
  region size 1024K, 0 young (0K), 0 survivors (0K)
 Metaspace       used 59590K, committed 60032K, reserved 1114112K
  class space    used 7414K, committed 7616K, reserved 1048576K
}
Event: 8854.432 GC heap before
{Heap before GC invocations=696 (full 530):
 garbage-first heap   total 106496K, used 39359K [0x00000000c0000000, 0x0000000100000000)
  region size 1024K, 1 young (1024K), 0 survivors (0K)
 Metaspace       used 59590K, committed 60032K, reserved 1114112K
  class space    used 7414K, committed 7616K, reserved 1048576K
}
Event: 8854.515 GC heap after
{Heap after GC invocations=697 (full 531):
 garbage-first heap   total 106496K, used 39359K [0x00000000c0000000, 0x0000000100000000)
  region size 1024K, 0 young (0K), 0 survivors (0K)
 Metaspace       used 59590K, committed 60032K, reserved 1114112K
  class space    used 7414K, committed 7616K, reserved 1048576K
}
Event: 8865.244 GC heap before
{Heap before GC invocations=697 (full 531):
 garbage-first heap   total 106496K, used 39359K [0x00000000c0000000, 0x0000000100000000)
  region size 1024K, 1 young (1024K), 0 survivors (0K)
 Metaspace       used 59590K, committed 60032K, reserved 1114112K
  class space    used 7414K, committed 7616K, reserved 1048576K
}
Event: 8865.332 GC heap after
{Heap after GC invocations=698 (full 532):
 garbage-first heap   total 106496K, used 39359K [0x00000000c0000000, 0x0000000100000000)
  region size 1024K, 0 young (0K), 0 survivors (0K)
 Metaspace       used 59590K, committed 60032K, reserved 1114112K
  class space    used 7414K, committed 7616K, reserved 1048576K
}
Event: 8876.097 GC heap before
{Heap before GC invocations=698 (full 532):
 garbage-first heap   total 106496K, used 39359K [0x00000000c0000000, 0x0000000100000000)
  region size 1024K, 1 young (1024K), 0 survivors (0K)
 Metaspace       used 59590K, committed 60032K, reserved 1114112K
  class space    used 7414K, committed 7616K, reserved 1048576K
}
Event: 8876.172 GC heap after
{Heap after GC invocations=699 (full 533):
 garbage-first heap   total 106496K, used 39359K [0x00000000c0000000, 0x0000000100000000)
  region size 1024K, 0 young (0K), 0 survivors (0K)
 Metaspace       used 59590K, committed 60032K, reserved 1114112K
  class space    used 7414K, committed 7616K, reserved 1048576K
}
Event: 8894.684 GC heap before
{Heap before GC invocations=699 (full 533):
 garbage-first heap   total 106496K, used 39359K [0x00000000c0000000, 0x0000000100000000)
  region size 1024K, 1 young (1024K), 0 survivors (0K)
 Metaspace       used 59590K, committed 60032K, reserved 1114112K
  class space    used 7414K, committed 7616K, reserved 1048576K
}
Event: 8894.980 GC heap after
{Heap after GC invocations=700 (full 534):
 garbage-first heap   total 106496K, used 39359K [0x00000000c0000000, 0x0000000100000000)
  region size 1024K, 0 young (0K), 0 survivors (0K)
 Metaspace       used 59590K, committed 60032K, reserved 1114112K
  class space    used 7414K, committed 7616K, reserved 1048576K
}
Event: 8906.246 GC heap before
{Heap before GC invocations=700 (full 534):
 garbage-first heap   total 106496K, used 39359K [0x00000000c0000000, 0x0000000100000000)
  region size 1024K, 1 young (1024K), 0 survivors (0K)
 Metaspace       used 59590K, committed 60032K, reserved 1114112K
  class space    used 7414K, committed 7616K, reserved 1048576K
}
Event: 8906.314 GC heap after
{Heap after GC invocations=701 (full 535):
 garbage-first heap   total 106496K, used 39359K [0x00000000c0000000, 0x0000000100000000)
  region size 1024K, 0 young (0K), 0 survivors (0K)
 Metaspace       used 59590K, committed 60032K, reserved 1114112K
  class space    used 7414K, committed 7616K, reserved 1048576K
}

Dll operation events (10 events):
Event: 0.028 Loaded shared library c:\Users\inder\.vscode\extensions\redhat.java-1.29.0-win32-x64\jre\17.0.10-win32-x86_64\bin\java.dll
Event: 0.937 Loaded shared library C:\Users\inder\.vscode\extensions\redhat.java-1.29.0-win32-x64\jre\17.0.10-win32-x86_64\bin\net.dll
Event: 0.943 Loaded shared library C:\Users\inder\.vscode\extensions\redhat.java-1.29.0-win32-x64\jre\17.0.10-win32-x86_64\bin\nio.dll
Event: 0.963 Loaded shared library C:\Users\inder\.vscode\extensions\redhat.java-1.29.0-win32-x64\jre\17.0.10-win32-x86_64\bin\zip.dll
Event: 1.915 Loaded shared library C:\Users\inder\.vscode\extensions\redhat.java-1.29.0-win32-x64\jre\17.0.10-win32-x86_64\bin\jimage.dll
Event: 4.855 Loaded shared library c:\Users\inder\.vscode\extensions\redhat.java-1.29.0-win32-x64\jre\17.0.10-win32-x86_64\bin\verify.dll
Event: 9.603 Loaded shared library C:\Users\inder\.vscode\extensions\redhat.java-1.29.0-win32-x64\jre\17.0.10-win32-x86_64\bin\management.dll
Event: 9.612 Loaded shared library C:\Users\inder\.vscode\extensions\redhat.java-1.29.0-win32-x64\jre\17.0.10-win32-x86_64\bin\management_ext.dll
Event: 11.785 Loaded shared library C:\Users\inder\.vscode\extensions\redhat.java-1.29.0-win32-x64\jre\17.0.10-win32-x86_64\bin\sunmscapi.dll
Event: 12.312 Loaded shared library C:\Users\inder\.vscode\extensions\redhat.java-1.29.0-win32-x64\jre\17.0.10-win32-x86_64\bin\extnet.dll

Deoptimization events (20 events):
Event: 415.597 Thread 0x000001a3a58046c0 DEOPT PACKING pc=0x000001a397be5dcc sp=0x00000020de6fe0c0
Event: 415.598 Thread 0x000001a3a58046c0 DEOPT UNPACKING pc=0x000001a39739ace3 sp=0x00000020de6fd5a0 mode 0
Event: 415.598 Thread 0x000001a3a58046c0 DEOPT PACKING pc=0x000001a397bc910c sp=0x00000020de6fe1f0
Event: 415.598 Thread 0x000001a3a58046c0 DEOPT UNPACKING pc=0x000001a39739ace3 sp=0x00000020de6fd758 mode 0
Event: 415.598 Thread 0x000001a3a58046c0 DEOPT PACKING pc=0x000001a397be5dcc sp=0x00000020de6fe320
Event: 415.598 Thread 0x000001a3a58046c0 DEOPT UNPACKING pc=0x000001a39739ace3 sp=0x00000020de6fd818 mode 0
Event: 415.604 Thread 0x000001a3a58046c0 DEOPT PACKING pc=0x000001a397bc910c sp=0x00000020de6fe690
Event: 415.604 Thread 0x000001a3a58046c0 DEOPT UNPACKING pc=0x000001a39739ace3 sp=0x00000020de6fdbf8 mode 0
Event: 415.604 Thread 0x000001a3a58046c0 DEOPT PACKING pc=0x000001a397be5dcc sp=0x00000020de6fe7c0
Event: 415.604 Thread 0x000001a3a58046c0 DEOPT UNPACKING pc=0x000001a39739ace3 sp=0x00000020de6fdcb8 mode 0
Event: 790.742 Thread 0x000001a3a58046c0 DEOPT PACKING pc=0x000001a3978e00d2 sp=0x00000020de6fda60
Event: 790.742 Thread 0x000001a3a58046c0 DEOPT UNPACKING pc=0x000001a39739ace3 sp=0x00000020de6fcf68 mode 3
Event: 2698.812 Thread 0x000001a3a6318180 DEOPT PACKING pc=0x000001a398139284 sp=0x00000020dbefdf20
Event: 2698.822 Thread 0x000001a3a6318180 DEOPT UNPACKING pc=0x000001a39739ace3 sp=0x00000020dbefd398 mode 0
Event: 2698.853 Thread 0x000001a3a6318180 DEOPT PACKING pc=0x000001a39757ee2c sp=0x00000020dbefe350
Event: 2698.854 Thread 0x000001a3a6318180 DEOPT UNPACKING pc=0x000001a39739ace3 sp=0x00000020dbefd8c0 mode 0
Event: 2698.876 Thread 0x000001a3a6318180 DEOPT PACKING pc=0x000001a39757e70c sp=0x00000020dbefe4b0
Event: 2698.876 Thread 0x000001a3a6318180 DEOPT UNPACKING pc=0x000001a39739ace3 sp=0x00000020dbefda38 mode 0
Event: 3102.187 Thread 0x000001a3a63149d0 DEOPT PACKING pc=0x000001a397f67ea6 sp=0x00000020dbefe340
Event: 3102.188 Thread 0x000001a3a63149d0 DEOPT UNPACKING pc=0x000001a39739ace3 sp=0x00000020dbefd8c8 mode 0

Classes unloaded (20 events):
Event: 3375.948 Thread 0x000001a39fcabed0 Unloading class 0x0000000100750c00 'jdk/internal/reflect/GeneratedConstructorAccessor84'
Event: 3375.948 Thread 0x000001a39fcabed0 Unloading class 0x0000000100750800 'jdk/internal/reflect/GeneratedConstructorAccessor83'
Event: 3408.135 Thread 0x000001a39fcabed0 Unloading class 0x000000010076ac00 'jdk/internal/reflect/GeneratedMethodAccessor50'
Event: 3408.135 Thread 0x000001a39fcabed0 Unloading class 0x000000010076a800 'jdk/internal/reflect/GeneratedConstructorAccessor82'
Event: 3408.135 Thread 0x000001a39fcabed0 Unloading class 0x000000010075a800 'jdk/internal/reflect/GeneratedMethodAccessor49'
Event: 3408.135 Thread 0x000001a39fcabed0 Unloading class 0x0000000100769400 'jdk/internal/reflect/GeneratedConstructorAccessor81'
Event: 3408.135 Thread 0x000001a39fcabed0 Unloading class 0x000000010076b000 'jdk/internal/reflect/GeneratedMethodAccessor48'
Event: 3408.135 Thread 0x000001a39fcabed0 Unloading class 0x0000000100776c00 'jdk/internal/reflect/GeneratedMethodAccessor47'
Event: 3408.135 Thread 0x000001a39fcabed0 Unloading class 0x0000000100777000 'jdk/internal/reflect/GeneratedMethodAccessor46'
Event: 4518.398 Thread 0x000001a39fcabed0 Unloading class 0x0000000100776c00 'java/lang/invoke/LambdaForm$MH+0x0000000100776c00'
Event: 4518.399 Thread 0x000001a39fcabed0 Unloading class 0x000000010076b000 'java/lang/invoke/LambdaForm$MH+0x000000010076b000'
Event: 4518.399 Thread 0x000001a39fcabed0 Unloading class 0x0000000100769400 'java/lang/invoke/LambdaForm$MH+0x0000000100769400'
Event: 4518.399 Thread 0x000001a39fcabed0 Unloading class 0x000000010075a800 'java/lang/invoke/LambdaForm$MH+0x000000010075a800'
Event: 4914.722 Thread 0x000001a39fcabed0 Unloading class 0x0000000100750800 'jdk/internal/reflect/GeneratedMethodAccessor56'
Event: 4914.722 Thread 0x000001a39fcabed0 Unloading class 0x000000010076ac00 'jdk/internal/reflect/GeneratedConstructorAccessor87'
Event: 4914.722 Thread 0x000001a39fcabed0 Unloading class 0x000000010076a800 'jdk/internal/reflect/GeneratedMethodAccessor55'
Event: 4914.722 Thread 0x000001a39fcabed0 Unloading class 0x000000010075a800 'jdk/internal/reflect/GeneratedConstructorAccessor86'
Event: 4914.722 Thread 0x000001a39fcabed0 Unloading class 0x0000000100769400 'jdk/internal/reflect/GeneratedMethodAccessor54'
Event: 4914.722 Thread 0x000001a39fcabed0 Unloading class 0x000000010076b000 'jdk/internal/reflect/GeneratedMethodAccessor53'
Event: 4914.722 Thread 0x000001a39fcabed0 Unloading class 0x0000000100776c00 'jdk/internal/reflect/GeneratedMethodAccessor52'

Classes redefined (0 events):
No events

Internal exceptions (20 events):
Event: 2698.876 Thread 0x000001a3a6318180 Exception <a 'java/lang/ClassCastException'{0x00000000c4246150}> (0x00000000c4246150) 
thrown [s\src\hotspot\share\runtime\sharedRuntime.cpp, line 631]
Event: 2698.888 Thread 0x000001a3a6318180 Exception <a 'java/lang/ClassCastException'{0x00000000c42bc548}> (0x00000000c42bc548) 
thrown [s\src\hotspot\share\runtime\sharedRuntime.cpp, line 631]
Event: 2774.850 Thread 0x000001a3a6318180 Exception <a 'java/lang/ClassCastException'{0x00000000c6350018}> (0x00000000c6350018) 
thrown [s\src\hotspot\share\runtime\sharedRuntime.cpp, line 631]
Event: 2774.872 Thread 0x000001a3a6318180 Exception <a 'java/lang/ClassCastException'{0x00000000c63c61e8}> (0x00000000c63c61e8) 
thrown [s\src\hotspot\share\runtime\sharedRuntime.cpp, line 631]
Event: 3089.925 Thread 0x000001a3a631a4f0 Implicit null exception at 0x000001a3983f1c37 to 0x000001a3983f1d5a
Event: 3089.925 Thread 0x000001a3a631a4f0 Exception <a 'java/lang/NullPointerException'{0x00000000c54b3ba0}> (0x00000000c54b3ba0) 
thrown [s\src\hotspot\share\runtime\sharedRuntime.cpp, line 631]
Event: 3090.595 Thread 0x000001a3a63153f0 Implicit null exception at 0x000001a3983f1c37 to 0x000001a3983f1d5a
Event: 3090.595 Thread 0x000001a3a63153f0 Exception <a 'java/lang/NullPointerException'{0x00000000c65c8650}> (0x00000000c65c8650) 
thrown [s\src\hotspot\share\runtime\sharedRuntime.cpp, line 631]
Event: 3102.525 Thread 0x000001a3a631a4f0 Implicit null exception at 0x000001a3983f1c37 to 0x000001a3983f1d5a
Event: 3102.525 Thread 0x000001a3a631a4f0 Exception <a 'java/lang/NullPointerException'{0x00000000c54c3f90}> (0x00000000c54c3f90) 
thrown [s\src\hotspot\share\runtime\sharedRuntime.cpp, line 631]
Event: 3137.590 Thread 0x000001a3a63149d0 Exception <a 'java/lang/ClassCastException'{0x00000000c5e135e8}> (0x00000000c5e135e8) 
thrown [s\src\hotspot\share\runtime\sharedRuntime.cpp, line 631]
Event: 3137.596 Thread 0x000001a3a63149d0 Exception <a 'java/lang/ClassCastException'{0x00000000c5e8a490}> (0x00000000c5e8a490) 
thrown [s\src\hotspot\share\runtime\sharedRuntime.cpp, line 631]
Event: 4448.106 Thread 0x000001a3a6315e10 Exception <a 'java/lang/reflect/InvocationTargetException'{0x00000000c40fd2c0}> (0x00000000c40fd2c0) 
thrown [s\src\hotspot\share\runtime\reflection.cpp, line 1121]
Event: 4448.108 Thread 0x000001a3a6315e10 Implicit null exception at 0x000001a3985bd6ed to 0x000001a3985bdbf4
Event: 4448.109 Thread 0x000001a3a6315e10 Exception <a 'java/lang/NullPointerException'{0x00000000c3f0c608}> (0x00000000c3f0c608) 
thrown [s\src\hotspot\share\runtime\sharedRuntime.cpp, line 631]
Event: 4448.109 Thread 0x000001a3a6315e10 Exception <a 'java/lang/reflect/InvocationTargetException'{0x00000000c3f0c8e0}> (0x00000000c3f0c8e0) 
thrown [s\src\hotspot\share\runtime\reflection.cpp, line 1121]
Event: 4457.006 Thread 0x000001a3a6313590 Implicit null exception at 0x000001a3983f1c37 to 0x000001a3983f1d5a
Event: 4457.009 Thread 0x000001a3a6313590 Exception <a 'java/lang/NullPointerException'{0x00000000c3f6f180}> (0x00000000c3f6f180) 
thrown [s\src\hotspot\share\runtime\sharedRuntime.cpp, line 631]
Event: 4808.248 Thread 0x000001a3a6315e10 Implicit null exception at 0x000001a3983f1c37 to 0x000001a3983f1d5a
Event: 4808.248 Thread 0x000001a3a6315e10 Exception <a 'java/lang/NullPointerException'{0x00000000c62b9af8}> (0x00000000c62b9af8) 
thrown [s\src\hotspot\share\runtime\sharedRuntime.cpp, line 631]

VM Operations (20 events):
Event: 8800.891 Executing VM operation: G1CollectFull done
Event: 8811.635 Executing VM operation: G1CollectFull
Event: 8811.717 Executing VM operation: G1CollectFull done
Event: 8822.549 Executing VM operation: G1CollectFull
Event: 8822.635 Executing VM operation: G1CollectFull done
Event: 8833.149 Executing VM operation: G1CollectFull
Event: 8833.230 Executing VM operation: G1CollectFull done
Event: 8843.759 Executing VM operation: G1CollectFull
Event: 8843.836 Executing VM operation: G1CollectFull done
Event: 8854.432 Executing VM operation: G1CollectFull
Event: 8854.515 Executing VM operation: G1CollectFull done
Event: 8865.244 Executing VM operation: G1CollectFull
Event: 8865.332 Executing VM operation: G1CollectFull done
Event: 8876.096 Executing VM operation: G1CollectFull
Event: 8876.172 Executing VM operation: G1CollectFull done
Event: 8894.682 Executing VM operation: G1CollectFull
Event: 8894.980 Executing VM operation: G1CollectFull done
Event: 8906.245 Executing VM operation: G1CollectFull
Event: 8906.314 Executing VM operation: G1CollectFull done
Event: 8916.529 Executing VM operation: G1CollectFull

Events (20 events):
Event: 6987.739 Thread 0x000001a3a631a4f0 Thread added: 0x000001a3a631a4f0
Event: 6987.792 Thread 0x000001a3a6319fe0 Thread added: 0x000001a3a6319fe0
Event: 6987.838 Thread 0x000001a3a6317250 Thread added: 0x000001a3a6317250
Event: 6987.846 Thread 0x000001a3a6316830 Thread added: 0x000001a3a6316830
Event: 6987.880 Thread 0x000001a3a6315e10 Thread added: 0x000001a3a6315e10
Event: 6987.897 Thread 0x000001a3a6313aa0 Thread added: 0x000001a3a6313aa0
Event: 7047.987 Thread 0x000001a3a631a4f0 Thread exited: 0x000001a3a631a4f0
Event: 7047.992 Thread 0x000001a3a6315e10 Thread exited: 0x000001a3a6315e10
Event: 7047.993 Thread 0x000001a3a6317250 Thread exited: 0x000001a3a6317250
Event: 7051.468 Thread 0x000001a3a6319fe0 Thread exited: 0x000001a3a6319fe0
Event: 7055.808 Thread 0x000001a3a6313aa0 Thread exited: 0x000001a3a6313aa0
Event: 7111.481 Thread 0x000001a3a6316830 Thread exited: 0x000001a3a6316830
Event: 7807.128 Thread 0x000001a3a63149d0 Thread added: 0x000001a3a63149d0
Event: 7807.169 Thread 0x000001a3a63153f0 Thread added: 0x000001a3a63153f0
Event: 7811.405 Thread 0x000001a3a6318690 Thread added: 0x000001a3a6318690
Event: 7813.272 Thread 0x000001a3a6315e10 Thread added: 0x000001a3a6315e10
Event: 7874.776 Thread 0x000001a3a63149d0 Thread exited: 0x000001a3a63149d0
Event: 7874.795 Thread 0x000001a3a63153f0 Thread exited: 0x000001a3a63153f0
Event: 7884.353 Thread 0x000001a3a6315e10 Thread exited: 0x000001a3a6315e10
Event: 7884.363 Thread 0x000001a3a6318690 Thread exited: 0x000001a3a6318690


Dynamic libraries:
0x00007ff7d9ce0000 - 0x00007ff7d9cee000 	c:\Users\inder\.vscode\extensions\redhat.java-1.29.0-win32-x64\jre\17.0.10-win32-x86_64\bin\java.exe
0x00007fffcf7d0000 - 0x00007fffcf9e6000 	C:\WINDOWS\SYSTEM32\ntdll.dll
0x00007fffcec60000 - 0x00007fffced24000 	C:\WINDOWS\System32\KERNEL32.DLL
0x00007fffcd0f0000 - 0x00007fffcd496000 	C:\WINDOWS\System32\KERNELBASE.dll
0x00007fffccbb0000 - 0x00007fffcccc1000 	C:\WINDOWS\System32\ucrtbase.dll
0x00007fffb5010000 - 0x00007fffb5027000 	c:\Users\inder\.vscode\extensions\redhat.java-1.29.0-win32-x64\jre\17.0.10-win32-x86_64\bin\jli.dll
0x00007fffb4ff0000 - 0x00007fffb500b000 	c:\Users\inder\.vscode\extensions\redhat.java-1.29.0-win32-x64\jre\17.0.10-win32-x86_64\bin\VCRUNTIME140.dll
0x00007fffcf1e0000 - 0x00007fffcf38d000 	C:\WINDOWS\System32\USER32.dll
0x00007fffb1bf0000 - 0x00007fffb1e83000 	C:\WINDOWS\WinSxS\amd64_microsoft.windows.common-controls_6595b64144ccf1df_6.0.22621.3235_none_270f74e173860f98\COMCTL32.dll
0x00007fffcceb0000 - 0x00007fffcced6000 	C:\WINDOWS\System32\win32u.dll
0x00007fffcf570000 - 0x00007fffcf617000 	C:\WINDOWS\System32\msvcrt.dll
0x00007fffce340000 - 0x00007fffce369000 	C:\WINDOWS\System32\GDI32.dll
0x00007fffcccd0000 - 0x00007fffccde8000 	C:\WINDOWS\System32\gdi32full.dll
0x00007fffccb10000 - 0x00007fffccbaa000 	C:\WINDOWS\System32\msvcp_win.dll
0x00007fffce5b0000 - 0x00007fffce5e1000 	C:\WINDOWS\System32\IMM32.DLL
0x00007fffbbea0000 - 0x00007fffbbeac000 	c:\Users\inder\.vscode\extensions\redhat.java-1.29.0-win32-x64\jre\17.0.10-win32-x86_64\bin\vcruntime140_1.dll
0x00007fffb2840000 - 0x00007fffb28cd000 	c:\Users\inder\.vscode\extensions\redhat.java-1.29.0-win32-x64\jre\17.0.10-win32-x86_64\bin\msvcp140.dll
0x00007fff38700000 - 0x00007fff39362000 	c:\Users\inder\.vscode\extensions\redhat.java-1.29.0-win32-x64\jre\17.0.10-win32-x86_64\bin\server\jvm.dll
0x00007fffcd900000 - 0x00007fffcd9b2000 	C:\WINDOWS\System32\ADVAPI32.dll
0x00007fffcea50000 - 0x00007fffceaf8000 	C:\WINDOWS\System32\sechost.dll
0x00007fffcd0c0000 - 0x00007fffcd0e8000 	C:\WINDOWS\System32\bcrypt.dll
0x00007fffce490000 - 0x00007fffce5a5000 	C:\WINDOWS\System32\RPCRT4.dll
0x00007fffcb960000 - 0x00007fffcb9ad000 	C:\WINDOWS\SYSTEM32\POWRPROF.dll
0x00007fffb5a40000 - 0x00007fffb5a49000 	C:\WINDOWS\SYSTEM32\WSOCK32.dll
0x00007fffcf630000 - 0x00007fffcf6a1000 	C:\WINDOWS\System32\WS2_32.dll
0x00007fffca670000 - 0x00007fffca6a4000 	C:\WINDOWS\SYSTEM32\WINMM.dll
0x00007fffbe490000 - 0x00007fffbe49a000 	C:\WINDOWS\SYSTEM32\VERSION.dll
0x00007fffcb940000 - 0x00007fffcb953000 	C:\WINDOWS\SYSTEM32\UMPDC.dll
0x00007fffcbc00000 - 0x00007fffcbc18000 	C:\WINDOWS\SYSTEM32\kernel.appcore.dll
0x00007fffb59a0000 - 0x00007fffb59aa000 	c:\Users\inder\.vscode\extensions\redhat.java-1.29.0-win32-x64\jre\17.0.10-win32-x86_64\bin\jimage.dll
0x00007fffca430000 - 0x00007fffca663000 	C:\WINDOWS\SYSTEM32\DBGHELP.DLL
0x00007fffcd520000 - 0x00007fffcd8a8000 	C:\WINDOWS\System32\combase.dll
0x00007fffcf6b0000 - 0x00007fffcf787000 	C:\WINDOWS\System32\OLEAUT32.dll
0x00007fffca290000 - 0x00007fffca2c2000 	C:\WINDOWS\SYSTEM32\dbgcore.DLL
0x00007fffcd4a0000 - 0x00007fffcd51a000 	C:\WINDOWS\System32\bcryptPrimitives.dll
0x00007fffb2c40000 - 0x00007fffb2c65000 	c:\Users\inder\.vscode\extensions\redhat.java-1.29.0-win32-x64\jre\17.0.10-win32-x86_64\bin\java.dll
0x00007fffb49e0000 - 0x00007fffb49f8000 	c:\Users\inder\.vscode\extensions\redhat.java-1.29.0-win32-x64\jre\17.0.10-win32-x86_64\bin\zip.dll
0x00007fffcdac0000 - 0x00007fffce31c000 	C:\WINDOWS\System32\SHELL32.dll
0x00007fffcaa20000 - 0x00007fffcb318000 	C:\WINDOWS\SYSTEM32\windows.storage.dll
0x00007fffca8e0000 - 0x00007fffcaa1e000 	C:\WINDOWS\SYSTEM32\wintypes.dll
0x00007fffce5f0000 - 0x00007fffce6e3000 	C:\WINDOWS\System32\SHCORE.dll
0x00007fffcf4a0000 - 0x00007fffcf4fe000 	C:\WINDOWS\System32\shlwapi.dll
0x00007fffcca40000 - 0x00007fffcca66000 	C:\WINDOWS\SYSTEM32\profapi.dll
0x00007fffb49c0000 - 0x00007fffb49d9000 	C:\Users\inder\.vscode\extensions\redhat.java-1.29.0-win32-x64\jre\17.0.10-win32-x86_64\bin\net.dll
0x00007fffc4820000 - 0x00007fffc4957000 	C:\WINDOWS\SYSTEM32\WINHTTP.dll
0x00007fffcc080000 - 0x00007fffcc0e9000 	C:\WINDOWS\system32\mswsock.dll
0x00007fffb2ce0000 - 0x00007fffb2cf6000 	C:\Users\inder\.vscode\extensions\redhat.java-1.29.0-win32-x64\jre\17.0.10-win32-x86_64\bin\nio.dll
0x00007fffb5890000 - 0x00007fffb58a0000 	c:\Users\inder\.vscode\extensions\redhat.java-1.29.0-win32-x64\jre\17.0.10-win32-x86_64\bin\verify.dll
0x00007fffcc2f0000 - 0x00007fffcc30b000 	C:\WINDOWS\SYSTEM32\CRYPTSP.dll
0x00007fffcbb60000 - 0x00007fffcbb95000 	C:\WINDOWS\system32\rsaenh.dll
0x00007fffcc160000 - 0x00007fffcc18c000 	C:\WINDOWS\SYSTEM32\USERENV.dll
0x00007fffcc310000 - 0x00007fffcc31c000 	C:\WINDOWS\SYSTEM32\CRYPTBASE.dll
0x00007fffcb5c0000 - 0x00007fffcb5ed000 	C:\WINDOWS\SYSTEM32\IPHLPAPI.DLL
0x00007fffcf560000 - 0x00007fffcf569000 	C:\WINDOWS\System32\NSI.dll
0x00007fffc4dd0000 - 0x00007fffc4de9000 	C:\WINDOWS\SYSTEM32\dhcpcsvc6.DLL
0x00007fffc4960000 - 0x00007fffc497f000 	C:\WINDOWS\SYSTEM32\dhcpcsvc.DLL
0x00007fffcb5f0000 - 0x00007fffcb6e9000 	C:\WINDOWS\SYSTEM32\DNSAPI.dll
0x00007fffbbeb0000 - 0x00007fffbbeb9000 	C:\Users\inder\.vscode\extensions\redhat.java-1.29.0-win32-x64\jre\17.0.10-win32-x86_64\bin\management.dll
0x00007fffb5560000 - 0x00007fffb556b000 	C:\Users\inder\.vscode\extensions\redhat.java-1.29.0-win32-x64\jre\17.0.10-win32-x86_64\bin\management_ext.dll
0x00007fffced50000 - 0x00007fffced58000 	C:\WINDOWS\System32\PSAPI.DLL
0x00007fffb48f0000 - 0x00007fffb48fe000 	C:\Users\inder\.vscode\extensions\redhat.java-1.29.0-win32-x64\jre\17.0.10-win32-x86_64\bin\sunmscapi.dll
0x00007fffccf50000 - 0x00007fffcd0b6000 	C:\WINDOWS\System32\CRYPT32.dll
0x00007fffcc4b0000 - 0x00007fffcc4de000 	C:\WINDOWS\SYSTEM32\ncrypt.dll
0x00007fffcc470000 - 0x00007fffcc4a7000 	C:\WINDOWS\SYSTEM32\NTASN1.dll
0x00007fffbd1f0000 - 0x00007fffbd1fa000 	C:\Windows\System32\rasadhlp.dll
0x00007fffc1180000 - 0x00007fffc1203000 	C:\WINDOWS\System32\fwpuclnt.dll
0x00007fffb4780000 - 0x00007fffb4789000 	C:\Users\inder\.vscode\extensions\redhat.java-1.29.0-win32-x64\jre\17.0.10-win32-x86_64\bin\extnet.dll

dbghelp: loaded successfully - version: 4.0.5 - missing functions: none
symbol engine: initialized successfully - sym options: 0x614 - pdb path: .;c:\Users\inder\.vscode\extensions\redhat.java-1.29.0-win32-x64\jre\17.0.10-win32-x86_64\bin;C:\WINDOWS\SYSTEM32;C:\WINDOWS\WinSxS\amd64_microsoft.windows.common-controls_6595b64144ccf1df_6.0.22621.3235_none_270f74e173860f98;c:\Users\inder\.vscode\extensions\redhat.java-1.29.0-win32-x64\jre\17.0.10-win32-x86_64\bin\server

VM Arguments:
jvm_args: -XX:+HeapDumpOnOutOfMemoryError -Xmx1024m -Dsts.lsp.client=vscode -Dsts.log.file=/dev/null -XX:TieredStopAtLevel=1 -Xlog:jni+resolve=off -Dspring.config.location=file:c:\Users\inder\.vscode\extensions\vmware.vscode-spring-boot-1.53.0\language-server\BOOT-INF\classes\application.properties 
java_command: org.springframework.ide.vscode.boot.app.BootLanguageServerBootApp
java_class_path (initial): c:\Users\inder\.vscode\extensions\vmware.vscode-spring-boot-1.53.0\language-server\BOOT-INF\classes;c:\Users\inder\.vscode\extensions\vmware.vscode-spring-boot-1.53.0\language-server\BOOT-INF\lib\annotations-24.1.0.jar;c:\Users\inder\.vscode\extensions\vmware.vscode-spring-boot-1.53.0\language-server\BOOT-INF\lib\antlr4-runtime-4.11.1.jar;c:\Users\inder\.vscode\extensions\vmware.vscode-spring-boot-1.53.0\language-server\BOOT-INF\lib\asm-9.6.jar;c:\Users\inder\.vscode\extensions\vmware.vscode-spring-boot-1.53.0\language-server\BOOT-INF\lib\asm-analysis-9.6.jar;c:\Users\inder\.vscode\extensions\vmware.vscode-spring-boot-1.53.0\language-server\BOOT-INF\lib\asm-tree-9.6.jar;c:\Users\inder\.vscode\extensions\vmware.vscode-spring-boot-1.53.0\language-server\BOOT-INF\lib\asm-util-9.6.jar;c:\Users\inder\.vscode\extensions\vmware.vscode-spring-boot-1.53.0\language-server\BOOT-INF\lib\caffeine-3.1.8.jar;c:\Users\inder\.vscode\extensions\vmware.vscode-spring-boot-1.53.0\language-server\BOOT-INF\lib\checker-qual-3.12.0.jar;c:\Users\inder\.vscode\extensions\vmware.vscode-spring-boot-1.53.0\language-server\BOOT-INF\lib\classgraph-4.8.149.jar;c:\Users\inder\.vscode\extensions\vmware.vscode-spring-boot-1.53.0\language-server\BOOT-INF\lib\commons-codec-1.16.1.jar;c:\Users\inder\.vscode\extensions\vmware.vscode-spring-boot-1.53.0\language-server\BOOT-INF\lib\commons-compress-1.26.0.jar;c:\Users\inder\.vscode\extensions\vmware.vscode-spring-boot-1.53.0\language-server\BOOT-INF\lib\commons-io-2.4.jar;c:\Users\inder\.vscode\extensions\vmware.vscode-spring-boot-1.53.0\language-server\BOOT-INF\lib\commons-java-1.53.0-SNAPSHOT.jar;c:\Users\inder\.vscode\extensions\vmware.vscode-spring-boot-1.53.0\language-server\BOOT-INF\lib\commons-lang3-3.13.0.jar;c:\Users\inder\.vscode\extensions\vmware.vscode-spring-boot-1.53.0\language-server\BOOT-INF\lib\commons-language-server-1.53.0-SNAPSHOT.jar;c:\Users\inder\.vscode\extensions\vmware.vscode-spring-boot-1.53.0\language
Launcher Type: SUN_STANDARD

[Global flags]
     intx CICompilerCount                          = 4                                         {product} {ergonomic}
     uint ConcGCThreads                            = 2                                         {product} {ergonomic}
     uint G1ConcRefinementThreads                  = 8                                         {product} {ergonomic}
   size_t G1HeapRegionSize                         = 1048576                                   {product} {ergonomic}
    uintx GCDrainStackTargetSize                   = 64                                        {product} {ergonomic}
     bool HeapDumpOnOutOfMemoryError               = true                                   {manageable} {command line}
   size_t InitialHeapSize                          = 132120576                                 {product} {ergonomic}
   size_t MarkStackSize                            = 4194304                                   {product} {ergonomic}
   size_t MaxHeapSize                              = 1073741824                                {product} {command line}
   size_t MaxNewSize                               = 643825664                                 {product} {ergonomic}
   size_t MinHeapDeltaBytes                        = 1048576                                   {product} {ergonomic}
   size_t MinHeapSize                              = 8388608                                   {product} {ergonomic}
    uintx NonProfiledCodeHeapSize                  = 0                                      {pd product} {ergonomic}
     bool ProfileInterpreter                       = false                                  {pd product} {command line}
    uintx ProfiledCodeHeapSize                     = 0                                      {pd product} {ergonomic}
   size_t SoftMaxHeapSize                          = 1073741824                             {manageable} {ergonomic}
     intx TieredStopAtLevel                        = 1                                         {product} {command line}
     bool UseCompressedClassPointers               = true                           {product lp64_product} {ergonomic}
     bool UseCompressedOops                        = true                           {product lp64_product} {ergonomic}
     bool UseG1GC                                  = true                                      {product} {ergonomic}
     bool UseLargePagesIndividualAllocation        = false                                  {pd product} {ergonomic}

Logging:
Log output configuration:
 #0: stdout all=warning,jni+resolve=off uptime,level,tags
 #1: stderr all=off uptime,level,tags

Environment Variables:
PATH=C:\MinGW\bin;C:\php8.2;C:\Program Files\Common Files\Oracle\Java\javapath;C:\Windows\system32;C:\Windows;C:\Windows\System32\Wbem;C:\Windows\System32\WindowsPowerShell\v1.0\;C:\Windows\System32\OpenSSH\;C:\Program Files\NVIDIA Corporation\NVIDIA NvDLISR;C:\WINDOWS\system32;C:\WINDOWS;C:\WINDOWS\System32\Wbem;C:\WINDOWS\System32\WindowsPowerShell\v1.0\;C:\WINDOWS\System32\OpenSSH\;C:\Program Files\Docker\Docker\resources\bin;C:\Program Files\Amazon\AWSCLIV2\;C:\Program Files\nodejs\;C:\ProgramData\ComposerSetup\bin;C:\maven\bin;C:\Program Files\MongoDB\mongosh-2.1.3-win32-x64\bin;;C:\Program Files (x86)\NVIDIA Corporation\PhysX\Common;C:\Program Files\dotnet\;C:\Program Files\MySQL\MySQL Shell 8.0\bin\;C:\Users\inder\AppData\Local\Microsoft\WindowsApps;C:\Users\inder\AppData\Local\Programs\Microsoft VS Code\bin;C:\Users\inder\AppData\Roaming\npm;C:\Users\inder\AppData\Roaming\Composer\vendor\bin;C:\Users\inder\AppData\Local\GitHubDesktop\bin
USERNAME=inder
OS=Windows_NT
PROCESSOR_IDENTIFIER=Intel64 Family 6 Model 126 Stepping 5, GenuineIntel
TMP=C:\Users\inder\AppData\Local\Temp
TEMP=C:\Users\inder\AppData\Local\Temp



Periodic native trim disabled


---------------  S Y S T E M  ---------------

OS:
 Windows 11 , 64 bit Build 22621 (10.0.22621.3235)
OS uptime: 0 days 18:27 hours
Hyper-V role detected

CPU: total 8 (initial active 8) (4 cores per cpu, 2 threads per core) family 6 model 126 stepping 5 microcode 0xc2, cx8, cmov, fxsr, ht, mmx, 3dnowpref, sse, sse2, sse3, ssse3, sse4.1, sse4.2, popcnt, lzcnt, tsc, tscinvbit, avx, avx2, aes, erms, clmul, bmi1, bmi2, adx, avx512f, avx512dq, avx512cd, avx512bw, avx512vl, sha, fma, vzeroupper, avx512_vpopcntdq, avx512_vpclmulqdq, avx512_vaes, avx512_vnni, clflush, clflushopt, avx512_vbmi2, avx512_vbmi, hv
Processor Information for all 8 processors :
  Max Mhz: 1190, Current Mhz: 991, Mhz Limit: 987

Memory: 4k page, system-wide physical 7959M (117M free)
TotalPageFile size 32535M (AvailPageFile size 4M)
current process WorkingSet (physical memory assigned to process): 76M, peak: 208M
current process commit charge ("private bytes"): 288M, peak: 300M

vm_info: OpenJDK 64-Bit Server VM (17.0.10+7) for windows-amd64 JRE (17.0.10+7), built on Jan 16 2024 23:25:11 by "admin" with MS VC++ 16.10 / 16.11 (VS2019)

END.
